[0m08:55:01.822373 [debug] [MainThread]: Sending event: {'category': 'dbt', 'action': 'invocation', 'label': 'start', 'context': [<snowplow_tracker.self_describing_json.SelfDescribingJson object at 0x0000017133994FD0>, <snowplow_tracker.self_describing_json.SelfDescribingJson object at 0x000001713C0A74D0>, <snowplow_tracker.self_describing_json.SelfDescribingJson object at 0x000001713C0A4F90>]}


============================== 08:55:01.831373 | 49c56970-60ff-4c0a-9b63-8baab472b1f4 ==============================
[0m08:55:01.831373 [info ] [MainThread]: Running with dbt=1.10.15
[0m08:55:01.833379 [debug] [MainThread]: running dbt with arguments {'version_check': 'True', 'no_print': 'None', 'static_parser': 'True', 'target_path': 'None', 'warn_error_options': 'WarnErrorOptionsV2(error=[], warn=[], silence=[])', 'printer_width': '80', 'write_json': 'True', 'introspect': 'True', 'log_cache_events': 'False', 'empty': 'None', 'cache_selected_only': 'False', 'fail_fast': 'False', 'debug': 'False', 'log_format': 'default', 'profiles_dir': 'C:\\Users\\ritul\\.dbt', 'send_anonymous_usage_stats': 'True', 'quiet': 'False', 'warn_error': 'None', 'partial_parse': 'True', 'invocation_command': 'dbt debug', 'indirect_selection': 'eager', 'use_colors': 'True', 'use_experimental_parser': 'False', 'log_path': 'logs'}
[0m08:55:01.905853 [info ] [MainThread]: dbt version: 1.10.15
[0m08:55:01.906577 [info ] [MainThread]: python version: 3.11.9
[0m08:55:01.907646 [info ] [MainThread]: python path: C:\Users\ritul\OneDrive\Desktop\DBT\supabase_dbt\dbt-env\Scripts\python.exe
[0m08:55:01.908646 [info ] [MainThread]: os info: Windows-10-10.0.26100-SP0
[0m08:55:01.994081 [info ] [MainThread]: Using profiles dir at C:\Users\ritul\.dbt
[0m08:55:01.996321 [info ] [MainThread]: Using profiles.yml file at C:\Users\ritul\.dbt\profiles.yml
[0m08:55:01.996634 [info ] [MainThread]: Using dbt_project.yml file at C:\Users\ritul\OneDrive\Desktop\Projects\customer-conversion-dbt-ml\dbt_project.yml
[0m08:55:01.998642 [info ] [MainThread]: adapter type: postgres
[0m08:55:01.999647 [info ] [MainThread]: adapter version: 1.9.1
[0m08:55:02.000641 [info ] [MainThread]: Configuration:
[0m08:55:02.001642 [info ] [MainThread]:   profiles.yml file [[32mOK found and valid[0m]
[0m08:55:02.001642 [info ] [MainThread]:   dbt_project.yml file [[31mERROR not found[0m]
[0m08:55:02.002642 [info ] [MainThread]: Required dependencies:
[0m08:55:02.003650 [debug] [MainThread]: Executing "git --help"
[0m08:55:02.053724 [debug] [MainThread]: STDOUT: "b"usage: git [-v | --version] [-h | --help] [-C <path>] [-c <name>=<value>]\n           [--exec-path[=<path>]] [--html-path] [--man-path] [--info-path]\n           [-p | --paginate | -P | --no-pager] [--no-replace-objects] [--no-lazy-fetch]\n           [--no-optional-locks] [--no-advice] [--bare] [--git-dir=<path>]\n           [--work-tree=<path>] [--namespace=<name>] [--config-env=<name>=<envvar>]\n           <command> [<args>]\n\nThese are common Git commands used in various situations:\n\nstart a working area (see also: git help tutorial)\n   clone      Clone a repository into a new directory\n   init       Create an empty Git repository or reinitialize an existing one\n\nwork on the current change (see also: git help everyday)\n   add        Add file contents to the index\n   mv         Move or rename a file, a directory, or a symlink\n   restore    Restore working tree files\n   rm         Remove files from the working tree and from the index\n\nexamine the history and state (see also: git help revisions)\n   bisect     Use binary search to find the commit that introduced a bug\n   diff       Show changes between commits, commit and working tree, etc\n   grep       Print lines matching a pattern\n   log        Show commit logs\n   show       Show various types of objects\n   status     Show the working tree status\n\ngrow, mark and tweak your common history\n   backfill   Download missing objects in a partial clone\n   branch     List, create, or delete branches\n   commit     Record changes to the repository\n   merge      Join two or more development histories together\n   rebase     Reapply commits on top of another base tip\n   reset      Reset current HEAD to the specified state\n   switch     Switch branches\n   tag        Create, list, delete or verify a tag object signed with GPG\n\ncollaborate (see also: git help workflows)\n   fetch      Download objects and refs from another repository\n   pull       Fetch from and integrate with another repository or a local branch\n   push       Update remote refs along with associated objects\n\n'git help -a' and 'git help -g' list available subcommands and some\nconcept guides. See 'git help <command>' or 'git help <concept>'\nto read about a specific subcommand or concept.\nSee 'git help git' for an overview of the system.\n""
[0m08:55:02.054724 [debug] [MainThread]: STDERR: "b''"
[0m08:55:02.055724 [info ] [MainThread]:  - git [[32mOK found[0m]

[0m08:55:02.056723 [info ] [MainThread]: Connection:
[0m08:55:02.056723 [info ] [MainThread]:   host: db.wovoiyojphtakfevbdcj.supabase.co
[0m08:55:02.057829 [info ] [MainThread]:   port: 5432
[0m08:55:02.058723 [info ] [MainThread]:   user: postgres
[0m08:55:02.059724 [info ] [MainThread]:   database: postgres
[0m08:55:02.060737 [info ] [MainThread]:   schema: public
[0m08:55:02.061723 [info ] [MainThread]:   connect_timeout: 10
[0m08:55:02.062744 [info ] [MainThread]:   role: None
[0m08:55:02.063726 [info ] [MainThread]:   search_path: None
[0m08:55:02.063726 [info ] [MainThread]:   keepalives_idle: 0
[0m08:55:02.064725 [info ] [MainThread]:   sslmode: None
[0m08:55:02.066726 [info ] [MainThread]:   sslcert: None
[0m08:55:02.067733 [info ] [MainThread]:   sslkey: None
[0m08:55:02.069732 [info ] [MainThread]:   sslrootcert: None
[0m08:55:02.070722 [info ] [MainThread]:   application_name: dbt
[0m08:55:02.071727 [info ] [MainThread]:   retries: 1
[0m08:55:02.073749 [info ] [MainThread]: Registered adapter: postgres=1.9.1
[0m08:55:02.852250 [debug] [MainThread]: Acquiring new postgres connection 'debug'
[0m08:55:13.369083 [debug] [MainThread]: Using postgres connection "debug"
[0m08:55:13.373062 [debug] [MainThread]: On debug: select 1 as id
[0m08:55:13.376964 [debug] [MainThread]: Opening a new connection, currently in state init
[0m08:55:13.748050 [debug] [MainThread]: SQL status: SELECT 1 in 0.371 seconds
[0m08:55:13.750043 [debug] [MainThread]: On debug: Close
[0m08:55:13.753056 [info ] [MainThread]:   Connection test: [[32mOK connection ok[0m]

[0m08:55:13.755043 [info ] [MainThread]: [31m1 check failed:[0m
[0m08:55:13.757041 [info ] [MainThread]: Project loading failed for the following reason:
 project path <C:\Users\ritul\OneDrive\Desktop\Projects\customer-conversion-dbt-ml\dbt_project.yml> not found

[0m08:55:13.758042 [debug] [MainThread]: Command `dbt debug` failed at 08:55:13.758042 after 12.08 seconds
[0m08:55:13.759042 [debug] [MainThread]: Connection 'debug' was properly closed.
[0m08:55:13.760040 [debug] [MainThread]: Sending event: {'category': 'dbt', 'action': 'invocation', 'label': 'end', 'context': [<snowplow_tracker.self_describing_json.SelfDescribingJson object at 0x000001713B07CD90>, <snowplow_tracker.self_describing_json.SelfDescribingJson object at 0x000001713C362C90>, <snowplow_tracker.self_describing_json.SelfDescribingJson object at 0x0000017135BB4950>]}
[0m08:55:13.761040 [debug] [MainThread]: Flushing usage events
[0m08:55:15.021356 [debug] [MainThread]: An error was encountered while trying to flush usage events
[0m08:57:15.027903 [debug] [MainThread]: Sending event: {'category': 'dbt', 'action': 'invocation', 'label': 'start', 'context': [<snowplow_tracker.self_describing_json.SelfDescribingJson object at 0x00000230718CD2D0>, <snowplow_tracker.self_describing_json.SelfDescribingJson object at 0x00000230718F2350>, <snowplow_tracker.self_describing_json.SelfDescribingJson object at 0x00000230718F0C10>]}


============================== 08:57:15.033905 | 9927a024-9999-4db2-a970-4c0c06ee42c5 ==============================
[0m08:57:15.033905 [info ] [MainThread]: Running with dbt=1.10.15
[0m08:57:15.034905 [debug] [MainThread]: running dbt with arguments {'version_check': 'True', 'no_print': 'None', 'static_parser': 'True', 'warn_error_options': 'WarnErrorOptionsV2(error=[], warn=[], silence=[])', 'target_path': 'None', 'printer_width': '80', 'write_json': 'True', 'introspect': 'True', 'log_cache_events': 'False', 'empty': 'None', 'cache_selected_only': 'False', 'fail_fast': 'False', 'debug': 'False', 'log_format': 'default', 'partial_parse': 'True', 'send_anonymous_usage_stats': 'True', 'quiet': 'False', 'warn_error': 'None', 'profiles_dir': 'C:\\Users\\ritul\\.dbt', 'indirect_selection': 'eager', 'invocation_command': 'dbt debug', 'use_colors': 'True', 'use_experimental_parser': 'False', 'log_path': 'C:\\Users\\ritul\\OneDrive\\Desktop\\Projects\\customer-conversion-dbt-ml\\logs'}
[0m08:57:15.067037 [info ] [MainThread]: dbt version: 1.10.15
[0m08:57:15.067931 [info ] [MainThread]: python version: 3.11.9
[0m08:57:15.068932 [info ] [MainThread]: python path: C:\Users\ritul\OneDrive\Desktop\DBT\supabase_dbt\dbt-env\Scripts\python.exe
[0m08:57:15.069933 [info ] [MainThread]: os info: Windows-10-10.0.26100-SP0
[0m08:57:15.160300 [info ] [MainThread]: Using profiles dir at C:\Users\ritul\.dbt
[0m08:57:15.161292 [info ] [MainThread]: Using profiles.yml file at C:\Users\ritul\.dbt\profiles.yml
[0m08:57:15.162296 [info ] [MainThread]: Using dbt_project.yml file at C:\Users\ritul\OneDrive\Desktop\Projects\customer-conversion-dbt-ml\dbt_project.yml
[0m08:57:15.164339 [info ] [MainThread]: adapter type: postgres
[0m08:57:15.164339 [info ] [MainThread]: adapter version: 1.9.1
[0m08:57:15.295291 [info ] [MainThread]: Configuration:
[0m08:57:15.296293 [info ] [MainThread]:   profiles.yml file [[32mOK found and valid[0m]
[0m08:57:15.298765 [info ] [MainThread]:   dbt_project.yml file [[32mOK found and valid[0m]
[0m08:57:15.299766 [info ] [MainThread]: Required dependencies:
[0m08:57:15.300756 [debug] [MainThread]: Executing "git --help"
[0m08:57:15.350199 [debug] [MainThread]: STDOUT: "b"usage: git [-v | --version] [-h | --help] [-C <path>] [-c <name>=<value>]\n           [--exec-path[=<path>]] [--html-path] [--man-path] [--info-path]\n           [-p | --paginate | -P | --no-pager] [--no-replace-objects] [--no-lazy-fetch]\n           [--no-optional-locks] [--no-advice] [--bare] [--git-dir=<path>]\n           [--work-tree=<path>] [--namespace=<name>] [--config-env=<name>=<envvar>]\n           <command> [<args>]\n\nThese are common Git commands used in various situations:\n\nstart a working area (see also: git help tutorial)\n   clone      Clone a repository into a new directory\n   init       Create an empty Git repository or reinitialize an existing one\n\nwork on the current change (see also: git help everyday)\n   add        Add file contents to the index\n   mv         Move or rename a file, a directory, or a symlink\n   restore    Restore working tree files\n   rm         Remove files from the working tree and from the index\n\nexamine the history and state (see also: git help revisions)\n   bisect     Use binary search to find the commit that introduced a bug\n   diff       Show changes between commits, commit and working tree, etc\n   grep       Print lines matching a pattern\n   log        Show commit logs\n   show       Show various types of objects\n   status     Show the working tree status\n\ngrow, mark and tweak your common history\n   backfill   Download missing objects in a partial clone\n   branch     List, create, or delete branches\n   commit     Record changes to the repository\n   merge      Join two or more development histories together\n   rebase     Reapply commits on top of another base tip\n   reset      Reset current HEAD to the specified state\n   switch     Switch branches\n   tag        Create, list, delete or verify a tag object signed with GPG\n\ncollaborate (see also: git help workflows)\n   fetch      Download objects and refs from another repository\n   pull       Fetch from and integrate with another repository or a local branch\n   push       Update remote refs along with associated objects\n\n'git help -a' and 'git help -g' list available subcommands and some\nconcept guides. See 'git help <command>' or 'git help <concept>'\nto read about a specific subcommand or concept.\nSee 'git help git' for an overview of the system.\n""
[0m08:57:15.351190 [debug] [MainThread]: STDERR: "b''"
[0m08:57:15.353190 [info ] [MainThread]:  - git [[32mOK found[0m]

[0m08:57:15.354197 [info ] [MainThread]: Connection:
[0m08:57:15.355197 [info ] [MainThread]:   host: db.wovoiyojphtakfevbdcj.supabase.co
[0m08:57:15.356212 [info ] [MainThread]:   port: 5432
[0m08:57:15.357151 [info ] [MainThread]:   user: postgres
[0m08:57:15.358160 [info ] [MainThread]:   database: postgres
[0m08:57:15.358160 [info ] [MainThread]:   schema: public
[0m08:57:15.359192 [info ] [MainThread]:   connect_timeout: 10
[0m08:57:15.360547 [info ] [MainThread]:   role: None
[0m08:57:15.361557 [info ] [MainThread]:   search_path: None
[0m08:57:15.362556 [info ] [MainThread]:   keepalives_idle: 0
[0m08:57:15.362556 [info ] [MainThread]:   sslmode: None
[0m08:57:15.363558 [info ] [MainThread]:   sslcert: None
[0m08:57:15.364572 [info ] [MainThread]:   sslkey: None
[0m08:57:15.365737 [info ] [MainThread]:   sslrootcert: None
[0m08:57:15.366747 [info ] [MainThread]:   application_name: dbt
[0m08:57:15.367746 [info ] [MainThread]:   retries: 1
[0m08:57:15.369747 [info ] [MainThread]: Registered adapter: postgres=1.9.1
[0m08:57:15.602845 [debug] [MainThread]: Acquiring new postgres connection 'debug'
[0m08:57:15.664447 [debug] [MainThread]: Using postgres connection "debug"
[0m08:57:15.665452 [debug] [MainThread]: On debug: select 1 as id
[0m08:57:15.666900 [debug] [MainThread]: Opening a new connection, currently in state init
[0m08:57:16.044107 [debug] [MainThread]: SQL status: SELECT 1 in 0.378 seconds
[0m08:57:16.048009 [debug] [MainThread]: On debug: Close
[0m08:57:16.049005 [info ] [MainThread]:   Connection test: [[32mOK connection ok[0m]

[0m08:57:16.050998 [info ] [MainThread]: [32mAll checks passed![0m
[0m08:57:16.051999 [debug] [MainThread]: Command `dbt debug` succeeded at 08:57:16.051999 after 1.11 seconds
[0m08:57:16.053004 [debug] [MainThread]: Connection 'debug' was properly closed.
[0m08:57:16.054001 [debug] [MainThread]: Sending event: {'category': 'dbt', 'action': 'invocation', 'label': 'end', 'context': [<snowplow_tracker.self_describing_json.SelfDescribingJson object at 0x0000023071655550>, <snowplow_tracker.self_describing_json.SelfDescribingJson object at 0x0000023069E9D450>, <snowplow_tracker.self_describing_json.SelfDescribingJson object at 0x00000230718CC610>]}
[0m08:57:16.054001 [debug] [MainThread]: Flushing usage events
[0m08:57:17.294683 [debug] [MainThread]: An error was encountered while trying to flush usage events
[0m09:02:39.474755 [debug] [MainThread]: Sending event: {'category': 'dbt', 'action': 'invocation', 'label': 'start', 'context': [<snowplow_tracker.self_describing_json.SelfDescribingJson object at 0x000002174D2DFE10>, <snowplow_tracker.self_describing_json.SelfDescribingJson object at 0x000002174C051350>, <snowplow_tracker.self_describing_json.SelfDescribingJson object at 0x000002174D2DF850>]}


============================== 09:02:39.482756 | 4a7b7960-fa98-4f2e-9d75-d7a599dbd4b9 ==============================
[0m09:02:39.482756 [info ] [MainThread]: Running with dbt=1.10.15
[0m09:02:39.484756 [debug] [MainThread]: running dbt with arguments {'static_parser': 'True', 'no_print': 'None', 'version_check': 'True', 'warn_error_options': 'WarnErrorOptionsV2(error=[], warn=[], silence=[])', 'target_path': 'None', 'printer_width': '80', 'write_json': 'True', 'introspect': 'True', 'log_cache_events': 'False', 'empty': 'False', 'cache_selected_only': 'False', 'log_format': 'default', 'debug': 'False', 'fail_fast': 'False', 'profiles_dir': 'C:\\Users\\ritul\\.dbt', 'send_anonymous_usage_stats': 'True', 'quiet': 'False', 'warn_error': 'None', 'partial_parse': 'True', 'use_colors': 'True', 'invocation_command': 'dbt run', 'indirect_selection': 'eager', 'use_experimental_parser': 'False', 'log_path': 'C:\\Users\\ritul\\OneDrive\\Desktop\\Projects\\customer-conversion-dbt-ml\\logs'}
[0m09:02:40.063511 [debug] [MainThread]: Sending event: {'category': 'dbt', 'action': 'project_id', 'label': '4a7b7960-fa98-4f2e-9d75-d7a599dbd4b9', 'context': [<snowplow_tracker.self_describing_json.SelfDescribingJson object at 0x000002174BF5F3D0>]}
[0m09:02:40.160774 [debug] [MainThread]: Sending event: {'category': 'dbt', 'action': 'adapter_info', 'label': '4a7b7960-fa98-4f2e-9d75-d7a599dbd4b9', 'context': [<snowplow_tracker.self_describing_json.SelfDescribingJson object at 0x0000021748C57650>]}
[0m09:02:40.164822 [info ] [MainThread]: Registered adapter: postgres=1.9.1
[0m09:02:40.764938 [debug] [MainThread]: checksum: 14a228079bd6df63ba81633f9a3cf44ecfaa31056ac397c602753ec895dbf885, vars: {}, profile: , target: , version: 1.10.15
[0m09:02:40.768015 [info ] [MainThread]: Unable to do partial parsing because saved manifest not found. Starting full parse.
[0m09:02:40.770656 [debug] [MainThread]: Sending event: {'category': 'dbt', 'action': 'partial_parser', 'label': '4a7b7960-fa98-4f2e-9d75-d7a599dbd4b9', 'context': [<snowplow_tracker.self_describing_json.SelfDescribingJson object at 0x000002174D55A210>]}
[0m09:02:45.408691 [warn ] [MainThread]: [[33mWARNING[0m]: Configuration paths exist in your dbt_project.yml file which do not apply to any resources.
There are 1 unused configuration paths:
- models.supabase_project.example
[0m09:02:45.414406 [debug] [MainThread]: Sending event: {'category': 'dbt', 'action': 'load_project', 'label': '4a7b7960-fa98-4f2e-9d75-d7a599dbd4b9', 'context': [<snowplow_tracker.self_describing_json.SelfDescribingJson object at 0x000002174D7A4A90>]}
[0m09:02:45.453851 [debug] [MainThread]: Wrote artifact WritableManifest to C:\Users\ritul\OneDrive\Desktop\Projects\customer-conversion-dbt-ml\target\manifest.json
[0m09:02:45.458669 [debug] [MainThread]: Wrote artifact SemanticManifest to C:\Users\ritul\OneDrive\Desktop\Projects\customer-conversion-dbt-ml\target\semantic_manifest.json
[0m09:02:45.525547 [debug] [MainThread]: Sending event: {'category': 'dbt', 'action': 'resource_counts', 'label': '4a7b7960-fa98-4f2e-9d75-d7a599dbd4b9', 'context': [<snowplow_tracker.self_describing_json.SelfDescribingJson object at 0x000002174D7BBA10>]}
[0m09:02:45.527260 [info ] [MainThread]: Found 459 macros
[0m09:02:45.528244 [debug] [MainThread]: Sending event: {'category': 'dbt', 'action': 'runnable_timing', 'label': '4a7b7960-fa98-4f2e-9d75-d7a599dbd4b9', 'context': [<snowplow_tracker.self_describing_json.SelfDescribingJson object at 0x000002174C2B9610>]}
[0m09:02:45.535250 [warn ] [MainThread]: Nothing to do. Try checking your model configs and model specification args
[0m09:02:45.539253 [debug] [MainThread]: Command end result
[0m09:02:45.630689 [debug] [MainThread]: Wrote artifact WritableManifest to C:\Users\ritul\OneDrive\Desktop\Projects\customer-conversion-dbt-ml\target\manifest.json
[0m09:02:45.636687 [debug] [MainThread]: Wrote artifact SemanticManifest to C:\Users\ritul\OneDrive\Desktop\Projects\customer-conversion-dbt-ml\target\semantic_manifest.json
[0m09:02:45.643682 [debug] [MainThread]: Wrote artifact RunExecutionResult to C:\Users\ritul\OneDrive\Desktop\Projects\customer-conversion-dbt-ml\target\run_results.json
[0m09:02:45.646687 [debug] [MainThread]: Command `dbt run` succeeded at 09:02:45.645695 after 6.42 seconds
[0m09:02:45.647685 [debug] [MainThread]: Sending event: {'category': 'dbt', 'action': 'invocation', 'label': 'end', 'context': [<snowplow_tracker.self_describing_json.SelfDescribingJson object at 0x000002174489D450>, <snowplow_tracker.self_describing_json.SelfDescribingJson object at 0x000002174489D490>, <snowplow_tracker.self_describing_json.SelfDescribingJson object at 0x000002174481C5D0>]}
[0m09:02:45.648681 [debug] [MainThread]: Flushing usage events
[0m09:02:46.936652 [debug] [MainThread]: An error was encountered while trying to flush usage events
[0m09:08:43.391883 [debug] [MainThread]: Sending event: {'category': 'dbt', 'action': 'invocation', 'label': 'start', 'context': [<snowplow_tracker.self_describing_json.SelfDescribingJson object at 0x0000018FFEF12F90>, <snowplow_tracker.self_describing_json.SelfDescribingJson object at 0x0000018FFEF40950>, <snowplow_tracker.self_describing_json.SelfDescribingJson object at 0x0000018FFEE35B50>]}


============================== 09:08:43.396187 | 6d2b4b5a-7d50-419f-a4b5-ce96d166106c ==============================
[0m09:08:43.396187 [info ] [MainThread]: Running with dbt=1.10.15
[0m09:08:43.398189 [debug] [MainThread]: running dbt with arguments {'version_check': 'True', 'no_print': 'None', 'static_parser': 'True', 'target_path': 'None', 'warn_error_options': 'WarnErrorOptionsV2(error=[], warn=[], silence=[])', 'printer_width': '80', 'write_json': 'True', 'empty': 'False', 'log_cache_events': 'False', 'introspect': 'True', 'cache_selected_only': 'False', 'log_format': 'default', 'debug': 'False', 'fail_fast': 'False', 'profiles_dir': 'C:\\Users\\ritul\\.dbt', 'send_anonymous_usage_stats': 'True', 'quiet': 'False', 'warn_error': 'None', 'partial_parse': 'True', 'use_colors': 'True', 'indirect_selection': 'eager', 'invocation_command': 'dbt run', 'use_experimental_parser': 'False', 'log_path': 'C:\\Users\\ritul\\OneDrive\\Desktop\\Projects\\customer-conversion-dbt-ml\\logs'}
[0m09:08:43.640824 [debug] [MainThread]: Sending event: {'category': 'dbt', 'action': 'project_id', 'label': '6d2b4b5a-7d50-419f-a4b5-ce96d166106c', 'context': [<snowplow_tracker.self_describing_json.SelfDescribingJson object at 0x0000018FFBB48390>]}
[0m09:08:43.707202 [debug] [MainThread]: Sending event: {'category': 'dbt', 'action': 'adapter_info', 'label': '6d2b4b5a-7d50-419f-a4b5-ce96d166106c', 'context': [<snowplow_tracker.self_describing_json.SelfDescribingJson object at 0x0000018FFB8D4B50>]}
[0m09:08:43.710197 [info ] [MainThread]: Registered adapter: postgres=1.9.1
[0m09:08:43.926623 [debug] [MainThread]: checksum: 14a228079bd6df63ba81633f9a3cf44ecfaa31056ac397c602753ec895dbf885, vars: {}, profile: , target: , version: 1.10.15
[0m09:08:44.037002 [info ] [MainThread]: Unable to do partial parsing because a project config has changed
[0m09:08:44.038003 [debug] [MainThread]: Sending event: {'category': 'dbt', 'action': 'partial_parser', 'label': '6d2b4b5a-7d50-419f-a4b5-ce96d166106c', 'context': [<snowplow_tracker.self_describing_json.SelfDescribingJson object at 0x0000018FFDF02D10>]}
[0m09:08:44.890753 [warn ] [MainThread]: [[33mWARNING[0m]: Configuration paths exist in your dbt_project.yml file which do not apply to any resources.
There are 4 unused configuration paths:
- models.supabase_project.staging
- models.supabase_project.example
- models.supabase_project.marts
- models.supabase_project.intermediate
[0m09:08:44.895752 [debug] [MainThread]: Sending event: {'category': 'dbt', 'action': 'load_project', 'label': '6d2b4b5a-7d50-419f-a4b5-ce96d166106c', 'context': [<snowplow_tracker.self_describing_json.SelfDescribingJson object at 0x0000018F8045E8D0>]}
[0m09:08:44.935143 [debug] [MainThread]: Wrote artifact WritableManifest to C:\Users\ritul\OneDrive\Desktop\Projects\customer-conversion-dbt-ml\target\manifest.json
[0m09:08:44.937144 [debug] [MainThread]: Wrote artifact SemanticManifest to C:\Users\ritul\OneDrive\Desktop\Projects\customer-conversion-dbt-ml\target\semantic_manifest.json
[0m09:08:44.972405 [debug] [MainThread]: Sending event: {'category': 'dbt', 'action': 'resource_counts', 'label': '6d2b4b5a-7d50-419f-a4b5-ce96d166106c', 'context': [<snowplow_tracker.self_describing_json.SelfDescribingJson object at 0x0000018F80543E10>]}
[0m09:08:44.973784 [info ] [MainThread]: Found 459 macros
[0m09:08:44.974794 [debug] [MainThread]: Sending event: {'category': 'dbt', 'action': 'runnable_timing', 'label': '6d2b4b5a-7d50-419f-a4b5-ce96d166106c', 'context': [<snowplow_tracker.self_describing_json.SelfDescribingJson object at 0x0000018F8054F090>]}
[0m09:08:44.976897 [warn ] [MainThread]: Nothing to do. Try checking your model configs and model specification args
[0m09:08:44.977746 [debug] [MainThread]: Command end result
[0m09:08:44.997792 [debug] [MainThread]: Wrote artifact WritableManifest to C:\Users\ritul\OneDrive\Desktop\Projects\customer-conversion-dbt-ml\target\manifest.json
[0m09:08:44.999824 [debug] [MainThread]: Wrote artifact SemanticManifest to C:\Users\ritul\OneDrive\Desktop\Projects\customer-conversion-dbt-ml\target\semantic_manifest.json
[0m09:08:45.004070 [debug] [MainThread]: Wrote artifact RunExecutionResult to C:\Users\ritul\OneDrive\Desktop\Projects\customer-conversion-dbt-ml\target\run_results.json
[0m09:08:45.006110 [debug] [MainThread]: Command `dbt run` succeeded at 09:08:45.005109 after 1.70 seconds
[0m09:08:45.006110 [debug] [MainThread]: Sending event: {'category': 'dbt', 'action': 'invocation', 'label': 'end', 'context': [<snowplow_tracker.self_describing_json.SelfDescribingJson object at 0x0000018FFE0470D0>, <snowplow_tracker.self_describing_json.SelfDescribingJson object at 0x0000018FF74BB550>, <snowplow_tracker.self_describing_json.SelfDescribingJson object at 0x0000018FF74FD490>]}
[0m09:08:45.007113 [debug] [MainThread]: Flushing usage events
[0m09:08:46.286062 [debug] [MainThread]: An error was encountered while trying to flush usage events
[0m09:09:25.936469 [debug] [MainThread]: Sending event: {'category': 'dbt', 'action': 'invocation', 'label': 'start', 'context': [<snowplow_tracker.self_describing_json.SelfDescribingJson object at 0x00000198A9D3D2D0>, <snowplow_tracker.self_describing_json.SelfDescribingJson object at 0x00000198A9D63DD0>, <snowplow_tracker.self_describing_json.SelfDescribingJson object at 0x00000198AAD5F810>]}


============================== 09:09:25.946462 | 541d4133-0805-46c9-865a-c9ff1a0bb5d5 ==============================
[0m09:09:25.946462 [info ] [MainThread]: Running with dbt=1.10.15
[0m09:09:25.948457 [debug] [MainThread]: running dbt with arguments {'version_check': 'True', 'no_print': 'None', 'static_parser': 'True', 'target_path': 'None', 'warn_error_options': 'WarnErrorOptionsV2(error=[], warn=[], silence=[])', 'printer_width': '80', 'write_json': 'True', 'introspect': 'True', 'log_cache_events': 'False', 'empty': 'False', 'cache_selected_only': 'False', 'fail_fast': 'False', 'debug': 'False', 'log_format': 'default', 'partial_parse': 'True', 'send_anonymous_usage_stats': 'True', 'quiet': 'False', 'warn_error': 'None', 'profiles_dir': 'C:\\Users\\ritul\\.dbt', 'indirect_selection': 'eager', 'invocation_command': 'dbt run', 'use_colors': 'True', 'use_experimental_parser': 'False', 'log_path': 'logs'}
[0m09:09:25.949468 [error] [MainThread]: Encountered an error:
Runtime Error
  No dbt_project.yml found at expected path C:\Users\ritul\OneDrive\Desktop\Projects\customer-conversion-dbt-ml\dbt_project.yml
  Verify that each entry within packages.yml (and their transitive dependencies) contains a file named dbt_project.yml
  
[0m09:09:25.952458 [debug] [MainThread]: Command `dbt run` failed at 09:09:25.952458 after 0.14 seconds
[0m09:09:25.952458 [debug] [MainThread]: Sending event: {'category': 'dbt', 'action': 'invocation', 'label': 'end', 'context': [<snowplow_tracker.self_describing_json.SelfDescribingJson object at 0x00000198A229C650>, <snowplow_tracker.self_describing_json.SelfDescribingJson object at 0x00000198A9D3C5D0>, <snowplow_tracker.self_describing_json.SelfDescribingJson object at 0x00000198A9D3D150>]}
[0m09:09:25.953456 [debug] [MainThread]: Flushing usage events
[0m09:09:27.269322 [debug] [MainThread]: An error was encountered while trying to flush usage events
[0m09:14:14.114606 [debug] [MainThread]: Sending event: {'category': 'dbt', 'action': 'invocation', 'label': 'start', 'context': [<snowplow_tracker.self_describing_json.SelfDescribingJson object at 0x0000019CD78346D0>, <snowplow_tracker.self_describing_json.SelfDescribingJson object at 0x0000019CD884FCD0>, <snowplow_tracker.self_describing_json.SelfDescribingJson object at 0x0000019CD7837250>]}


============================== 09:14:14.119606 | 10e85a03-8e7c-4b60-aede-19c849e09a32 ==============================
[0m09:14:14.119606 [info ] [MainThread]: Running with dbt=1.10.15
[0m09:14:14.120608 [debug] [MainThread]: running dbt with arguments {'version_check': 'True', 'no_print': 'None', 'static_parser': 'True', 'target_path': 'None', 'warn_error_options': 'WarnErrorOptionsV2(error=[], warn=[], silence=[])', 'printer_width': '80', 'write_json': 'True', 'empty': 'False', 'log_cache_events': 'False', 'introspect': 'True', 'cache_selected_only': 'False', 'log_format': 'default', 'debug': 'False', 'fail_fast': 'False', 'partial_parse': 'True', 'send_anonymous_usage_stats': 'True', 'quiet': 'False', 'warn_error': 'None', 'profiles_dir': 'C:\\Users\\ritul\\.dbt', 'indirect_selection': 'eager', 'use_colors': 'True', 'invocation_command': 'dbt run', 'use_experimental_parser': 'False', 'log_path': 'C:\\Users\\ritul\\OneDrive\\Desktop\\Projects\\customer-conversion-dbt-ml\\logs'}
[0m09:14:14.340136 [debug] [MainThread]: Sending event: {'category': 'dbt', 'action': 'project_id', 'label': '10e85a03-8e7c-4b60-aede-19c849e09a32', 'context': [<snowplow_tracker.self_describing_json.SelfDescribingJson object at 0x0000019CD8A39ED0>]}
[0m09:14:14.491030 [debug] [MainThread]: Sending event: {'category': 'dbt', 'action': 'adapter_info', 'label': '10e85a03-8e7c-4b60-aede-19c849e09a32', 'context': [<snowplow_tracker.self_describing_json.SelfDescribingJson object at 0x0000019CD41E4DD0>]}
[0m09:14:14.493450 [info ] [MainThread]: Registered adapter: postgres=1.9.1
[0m09:14:14.729977 [debug] [MainThread]: checksum: 14a228079bd6df63ba81633f9a3cf44ecfaa31056ac397c602753ec895dbf885, vars: {}, profile: , target: , version: 1.10.15
[0m09:14:14.816597 [info ] [MainThread]: Unable to do partial parsing because a project config has changed
[0m09:14:14.818502 [debug] [MainThread]: Sending event: {'category': 'dbt', 'action': 'partial_parser', 'label': '10e85a03-8e7c-4b60-aede-19c849e09a32', 'context': [<snowplow_tracker.self_describing_json.SelfDescribingJson object at 0x0000019CD681ACD0>]}
[0m09:14:15.965587 [warn ] [MainThread]: [[33mWARNING[0m]: Did not find matching node for patch with name 'my_first_dbt_model' in the 'models' section of file 'dbt/supabase_project/models\example\schema.yml'
[0m09:14:15.967925 [warn ] [MainThread]: [[33mWARNING[0m]: Did not find matching node for patch with name 'my_second_dbt_model' in the 'models' section of file 'dbt/supabase_project/models\example\schema.yml'
[0m09:14:16.134223 [warn ] [MainThread]: [[33mWARNING[0m]: Test 'test.supabase_project.unique_my_first_dbt_model_id.16e066b321' (dbt/supabase_project/models\example\schema.yml) depends on a node named 'my_first_dbt_model' in package '' which was not found
[0m09:14:16.135218 [warn ] [MainThread]: [[33mWARNING[0m]: Test 'test.supabase_project.not_null_my_first_dbt_model_id.5fb22c2710' (dbt/supabase_project/models\example\schema.yml) depends on a node named 'my_first_dbt_model' in package '' which was not found
[0m09:14:16.137224 [warn ] [MainThread]: [[33mWARNING[0m]: Test 'test.supabase_project.unique_my_second_dbt_model_id.57a0f8c493' (dbt/supabase_project/models\example\schema.yml) depends on a node named 'my_second_dbt_model' in package '' which was not found
[0m09:14:16.138241 [warn ] [MainThread]: [[33mWARNING[0m]: Test 'test.supabase_project.not_null_my_second_dbt_model_id.151b76d778' (dbt/supabase_project/models\example\schema.yml) depends on a node named 'my_second_dbt_model' in package '' which was not found
[0m09:14:16.232832 [warn ] [MainThread]: [[33mWARNING[0m]: Configuration paths exist in your dbt_project.yml file which do not apply to any resources.
There are 1 unused configuration paths:
- models.supabase_project.example
[0m09:14:16.238938 [debug] [MainThread]: Sending event: {'category': 'dbt', 'action': 'load_project', 'label': '10e85a03-8e7c-4b60-aede-19c849e09a32', 'context': [<snowplow_tracker.self_describing_json.SelfDescribingJson object at 0x0000019CD8EECCD0>]}
[0m09:14:16.317840 [debug] [MainThread]: Wrote artifact WritableManifest to C:\Users\ritul\OneDrive\Desktop\Projects\customer-conversion-dbt-ml\target\manifest.json
[0m09:14:16.320845 [debug] [MainThread]: Wrote artifact SemanticManifest to C:\Users\ritul\OneDrive\Desktop\Projects\customer-conversion-dbt-ml\target\semantic_manifest.json
[0m09:14:16.361351 [debug] [MainThread]: Sending event: {'category': 'dbt', 'action': 'resource_counts', 'label': '10e85a03-8e7c-4b60-aede-19c849e09a32', 'context': [<snowplow_tracker.self_describing_json.SelfDescribingJson object at 0x0000019CD919FAD0>]}
[0m09:14:16.362317 [info ] [MainThread]: Found 3 models, 459 macros
[0m09:14:16.363326 [debug] [MainThread]: Sending event: {'category': 'dbt', 'action': 'runnable_timing', 'label': '10e85a03-8e7c-4b60-aede-19c849e09a32', 'context': [<snowplow_tracker.self_describing_json.SelfDescribingJson object at 0x0000019CD8F9B190>]}
[0m09:14:16.364764 [info ] [MainThread]: 
[0m09:14:16.366798 [info ] [MainThread]: Concurrency: 1 threads (target='dev')
[0m09:14:16.367777 [info ] [MainThread]: 
[0m09:14:16.368776 [debug] [MainThread]: Acquiring new postgres connection 'master'
[0m09:14:16.376337 [debug] [ThreadPool]: Acquiring new postgres connection 'list_postgres'
[0m09:14:16.442920 [debug] [ThreadPool]: Using postgres connection "list_postgres"
[0m09:14:16.444017 [debug] [ThreadPool]: On list_postgres: /* {"app": "dbt", "dbt_version": "1.10.15", "profile_name": "supabase_project", "target_name": "dev", "connection_name": "list_postgres"} */

    select distinct nspname from pg_namespace
  
[0m09:14:16.444017 [debug] [ThreadPool]: Opening a new connection, currently in state init
[0m09:14:16.871192 [debug] [ThreadPool]: SQL status: SELECT 82 in 0.427 seconds
[0m09:14:16.876184 [debug] [ThreadPool]: On list_postgres: Close
[0m09:14:16.881186 [debug] [ThreadPool]: Acquiring new postgres connection 'list_postgres_public'
[0m09:14:16.894189 [debug] [ThreadPool]: Using postgres connection "list_postgres_public"
[0m09:14:16.895186 [debug] [ThreadPool]: On list_postgres_public: BEGIN
[0m09:14:16.896239 [debug] [ThreadPool]: Opening a new connection, currently in state init
[0m09:14:17.260140 [debug] [ThreadPool]: SQL status: BEGIN in 0.364 seconds
[0m09:14:17.263236 [debug] [ThreadPool]: Using postgres connection "list_postgres_public"
[0m09:14:17.267151 [debug] [ThreadPool]: On list_postgres_public: /* {"app": "dbt", "dbt_version": "1.10.15", "profile_name": "supabase_project", "target_name": "dev", "connection_name": "list_postgres_public"} */
select
      'postgres' as database,
      tablename as name,
      schemaname as schema,
      'table' as type
    from pg_tables
    where schemaname ilike 'public'
    union all
    select
      'postgres' as database,
      viewname as name,
      schemaname as schema,
      'view' as type
    from pg_views
    where schemaname ilike 'public'
    union all
    select
      'postgres' as database,
      matviewname as name,
      schemaname as schema,
      'materialized_view' as type
    from pg_matviews
    where schemaname ilike 'public'
  
[0m09:14:17.349227 [debug] [ThreadPool]: SQL status: SELECT 7 in 0.080 seconds
[0m09:14:17.357321 [debug] [ThreadPool]: On list_postgres_public: ROLLBACK
[0m09:14:17.393739 [debug] [ThreadPool]: On list_postgres_public: Close
[0m09:14:17.421136 [debug] [MainThread]: Using postgres connection "master"
[0m09:14:17.423144 [debug] [MainThread]: On master: BEGIN
[0m09:14:17.425141 [debug] [MainThread]: Opening a new connection, currently in state init
[0m09:14:17.812274 [debug] [MainThread]: SQL status: BEGIN in 0.386 seconds
[0m09:14:17.815247 [debug] [MainThread]: Using postgres connection "master"
[0m09:14:17.819254 [debug] [MainThread]: On master: /* {"app": "dbt", "dbt_version": "1.10.15", "profile_name": "supabase_project", "target_name": "dev", "connection_name": "master"} */
select distinct
        dependent_namespace.nspname as dependent_schema,
        dependent_class.relname as dependent_name,
        referenced_namespace.nspname as referenced_schema,
        referenced_class.relname as referenced_name

    -- Query for views: views are entries in pg_class with an entry in pg_rewrite, but we avoid
    -- a seq scan on pg_rewrite by leveraging the fact there is an "internal" row in pg_depend for
    -- the view...
    from pg_class as dependent_class
    join pg_namespace as dependent_namespace on dependent_namespace.oid = dependent_class.relnamespace
    join pg_depend as dependent_depend on dependent_depend.refobjid = dependent_class.oid
        and dependent_depend.classid = 'pg_rewrite'::regclass
        and dependent_depend.refclassid = 'pg_class'::regclass
        and dependent_depend.deptype = 'i'

    -- ... and via pg_depend (that has a row per column, hence the need for "distinct" above, and
    -- making sure to exclude the internal row to avoid a view appearing to depend on itself)...
    join pg_depend as joining_depend on joining_depend.objid = dependent_depend.objid
        and joining_depend.classid = 'pg_rewrite'::regclass
        and joining_depend.refclassid = 'pg_class'::regclass
        and joining_depend.refobjid != dependent_depend.refobjid

    -- ... we can find the tables they query from in pg_class, but excluding system tables. Note we
    -- don't need need to exclude _dependent_ system tables, because they only query from other
    -- system tables, and so are automatically excluded by excluding _referenced_ system tables
    join pg_class as referenced_class on referenced_class.oid = joining_depend.refobjid
    join pg_namespace as referenced_namespace on referenced_namespace.oid = referenced_class.relnamespace
        and referenced_namespace.nspname != 'information_schema'
        and referenced_namespace.nspname not like 'pg\_%'

    order by
        dependent_schema, dependent_name, referenced_schema, referenced_name;
[0m09:14:17.901254 [debug] [MainThread]: SQL status: SELECT 5 in 0.080 seconds
[0m09:14:17.903352 [debug] [MainThread]: Sending event: {'category': 'dbt', 'action': 'runnable_timing', 'label': '10e85a03-8e7c-4b60-aede-19c849e09a32', 'context': [<snowplow_tracker.self_describing_json.SelfDescribingJson object at 0x0000019CD8A98490>]}
[0m09:14:17.904350 [debug] [MainThread]: On master: ROLLBACK
[0m09:14:17.940008 [debug] [MainThread]: Using postgres connection "master"
[0m09:14:17.942980 [debug] [MainThread]: On master: BEGIN
[0m09:14:18.012687 [debug] [MainThread]: SQL status: BEGIN in 0.067 seconds
[0m09:14:18.015681 [debug] [MainThread]: On master: COMMIT
[0m09:14:18.018680 [debug] [MainThread]: Using postgres connection "master"
[0m09:14:18.020681 [debug] [MainThread]: On master: COMMIT
[0m09:14:18.058640 [debug] [MainThread]: SQL status: COMMIT in 0.034 seconds
[0m09:14:18.061638 [debug] [MainThread]: On master: Close
[0m09:14:18.083579 [debug] [Thread-1 (]: Began running node model.supabase_project.stg_orders
[0m09:14:18.086563 [info ] [Thread-1 (]: 1 of 3 START sql view model public.stg_orders .................................. [RUN]
[0m09:14:18.090812 [debug] [Thread-1 (]: Acquiring new postgres connection 'model.supabase_project.stg_orders'
[0m09:14:18.091812 [debug] [Thread-1 (]: Began compiling node model.supabase_project.stg_orders
[0m09:14:18.101805 [debug] [Thread-1 (]: Writing injected SQL for node "model.supabase_project.stg_orders"
[0m09:14:18.104806 [debug] [Thread-1 (]: Began executing node model.supabase_project.stg_orders
[0m09:14:18.145806 [debug] [Thread-1 (]: Writing runtime sql for node "model.supabase_project.stg_orders"
[0m09:14:18.151094 [debug] [Thread-1 (]: Using postgres connection "model.supabase_project.stg_orders"
[0m09:14:18.152107 [debug] [Thread-1 (]: On model.supabase_project.stg_orders: BEGIN
[0m09:14:18.152107 [debug] [Thread-1 (]: Opening a new connection, currently in state init
[0m09:14:18.466228 [debug] [Thread-1 (]: SQL status: BEGIN in 0.313 seconds
[0m09:14:18.469229 [debug] [Thread-1 (]: Using postgres connection "model.supabase_project.stg_orders"
[0m09:14:18.473235 [debug] [Thread-1 (]: On model.supabase_project.stg_orders: /* {"app": "dbt", "dbt_version": "1.10.15", "profile_name": "supabase_project", "target_name": "dev", "node_id": "model.supabase_project.stg_orders"} */

  create view "postgres"."public"."stg_orders__dbt_tmp"
    
    
  as (
    with source as (

    select
        invoiceno      as order_id,
        stockcode      as product_code,
        description    as product_description,
        quantity,
        unitprice,
        customerid     as customer_id,
        country,
        invoicedate
    from raw_orders

),

cleaned as (

    select
        order_id,
        product_code,
        product_description,
        quantity,
        unitprice::numeric as unit_price,
        customer_id,
        lower(country) as country,
        to_timestamp(invoicedate, 'MM/DD/YY HH24:MI') as order_timestamp
    from source

)

select * from cleaned
  );
[0m09:14:18.637687 [debug] [Thread-1 (]: SQL status: CREATE VIEW in 0.161 seconds
[0m09:14:18.645683 [debug] [Thread-1 (]: Using postgres connection "model.supabase_project.stg_orders"
[0m09:14:18.645683 [debug] [Thread-1 (]: On model.supabase_project.stg_orders: /* {"app": "dbt", "dbt_version": "1.10.15", "profile_name": "supabase_project", "target_name": "dev", "node_id": "model.supabase_project.stg_orders"} */
alter table "postgres"."public"."stg_orders" rename to "stg_orders__dbt_backup"
[0m09:14:18.682967 [debug] [Thread-1 (]: SQL status: ALTER TABLE in 0.036 seconds
[0m09:14:18.698962 [debug] [Thread-1 (]: Using postgres connection "model.supabase_project.stg_orders"
[0m09:14:18.700962 [debug] [Thread-1 (]: On model.supabase_project.stg_orders: /* {"app": "dbt", "dbt_version": "1.10.15", "profile_name": "supabase_project", "target_name": "dev", "node_id": "model.supabase_project.stg_orders"} */
alter table "postgres"."public"."stg_orders__dbt_tmp" rename to "stg_orders"
[0m09:14:18.733052 [debug] [Thread-1 (]: SQL status: ALTER TABLE in 0.028 seconds
[0m09:14:18.778118 [debug] [Thread-1 (]: On model.supabase_project.stg_orders: COMMIT
[0m09:14:18.778118 [debug] [Thread-1 (]: Using postgres connection "model.supabase_project.stg_orders"
[0m09:14:18.779026 [debug] [Thread-1 (]: On model.supabase_project.stg_orders: COMMIT
[0m09:14:18.813227 [debug] [Thread-1 (]: SQL status: COMMIT in 0.033 seconds
[0m09:14:18.841248 [debug] [Thread-1 (]: Applying DROP to: "postgres"."public"."stg_orders__dbt_backup"
[0m09:14:18.850246 [debug] [Thread-1 (]: Using postgres connection "model.supabase_project.stg_orders"
[0m09:14:18.851246 [debug] [Thread-1 (]: On model.supabase_project.stg_orders: /* {"app": "dbt", "dbt_version": "1.10.15", "profile_name": "supabase_project", "target_name": "dev", "node_id": "model.supabase_project.stg_orders"} */
drop view if exists "postgres"."public"."stg_orders__dbt_backup" cascade
[0m09:14:18.919260 [debug] [Thread-1 (]: SQL status: DROP VIEW in 0.066 seconds
[0m09:14:18.932246 [debug] [Thread-1 (]: On model.supabase_project.stg_orders: Close
[0m09:14:18.941346 [debug] [Thread-1 (]: Sending event: {'category': 'dbt', 'action': 'run_model', 'label': '10e85a03-8e7c-4b60-aede-19c849e09a32', 'context': [<snowplow_tracker.self_describing_json.SelfDescribingJson object at 0x0000019CD94DA390>]}
[0m09:14:18.945358 [info ] [Thread-1 (]: 1 of 3 OK created sql view model public.stg_orders ............................. [[32mCREATE VIEW[0m in 0.85s]
[0m09:14:18.948261 [debug] [Thread-1 (]: Finished running node model.supabase_project.stg_orders
[0m09:14:18.950528 [debug] [Thread-1 (]: Began running node model.supabase_project.int_customer_orders
[0m09:14:18.952598 [info ] [Thread-1 (]: 2 of 3 START sql view model public.int_customer_orders ......................... [RUN]
[0m09:14:18.954933 [debug] [Thread-1 (]: Re-using an available connection from the pool (formerly model.supabase_project.stg_orders, now model.supabase_project.int_customer_orders)
[0m09:14:18.956941 [debug] [Thread-1 (]: Began compiling node model.supabase_project.int_customer_orders
[0m09:14:18.964925 [debug] [Thread-1 (]: Writing injected SQL for node "model.supabase_project.int_customer_orders"
[0m09:14:18.966933 [debug] [Thread-1 (]: Began executing node model.supabase_project.int_customer_orders
[0m09:14:18.974254 [debug] [Thread-1 (]: Writing runtime sql for node "model.supabase_project.int_customer_orders"
[0m09:14:18.979782 [debug] [Thread-1 (]: Using postgres connection "model.supabase_project.int_customer_orders"
[0m09:14:18.980788 [debug] [Thread-1 (]: On model.supabase_project.int_customer_orders: BEGIN
[0m09:14:18.982272 [debug] [Thread-1 (]: Opening a new connection, currently in state closed
[0m09:14:19.273387 [debug] [Thread-1 (]: SQL status: BEGIN in 0.290 seconds
[0m09:14:19.276380 [debug] [Thread-1 (]: Using postgres connection "model.supabase_project.int_customer_orders"
[0m09:14:19.278383 [debug] [Thread-1 (]: On model.supabase_project.int_customer_orders: /* {"app": "dbt", "dbt_version": "1.10.15", "profile_name": "supabase_project", "target_name": "dev", "node_id": "model.supabase_project.int_customer_orders"} */

  create view "postgres"."public"."int_customer_orders__dbt_tmp"
    
    
  as (
    select
    customer_id,
    count(distinct order_id) as total_orders,
    sum(quantity * unit_price) as total_spend,
    avg(quantity * unit_price) as avg_order_value,
    max(order_timestamp) as last_order_timestamp
from "postgres"."public"."stg_orders"
where customer_id is not null
group by customer_id
  );
[0m09:14:19.327923 [debug] [Thread-1 (]: SQL status: CREATE VIEW in 0.047 seconds
[0m09:14:19.338917 [debug] [Thread-1 (]: Using postgres connection "model.supabase_project.int_customer_orders"
[0m09:14:19.339922 [debug] [Thread-1 (]: On model.supabase_project.int_customer_orders: /* {"app": "dbt", "dbt_version": "1.10.15", "profile_name": "supabase_project", "target_name": "dev", "node_id": "model.supabase_project.int_customer_orders"} */
alter table "postgres"."public"."int_customer_orders__dbt_tmp" rename to "int_customer_orders"
[0m09:14:19.369286 [debug] [Thread-1 (]: SQL status: ALTER TABLE in 0.028 seconds
[0m09:14:19.373289 [debug] [Thread-1 (]: On model.supabase_project.int_customer_orders: COMMIT
[0m09:14:19.374292 [debug] [Thread-1 (]: Using postgres connection "model.supabase_project.int_customer_orders"
[0m09:14:19.376290 [debug] [Thread-1 (]: On model.supabase_project.int_customer_orders: COMMIT
[0m09:14:19.407370 [debug] [Thread-1 (]: SQL status: COMMIT in 0.030 seconds
[0m09:14:19.412370 [debug] [Thread-1 (]: Applying DROP to: "postgres"."public"."int_customer_orders__dbt_backup"
[0m09:14:19.416367 [debug] [Thread-1 (]: Using postgres connection "model.supabase_project.int_customer_orders"
[0m09:14:19.417369 [debug] [Thread-1 (]: On model.supabase_project.int_customer_orders: /* {"app": "dbt", "dbt_version": "1.10.15", "profile_name": "supabase_project", "target_name": "dev", "node_id": "model.supabase_project.int_customer_orders"} */
drop view if exists "postgres"."public"."int_customer_orders__dbt_backup" cascade
[0m09:14:19.457367 [debug] [Thread-1 (]: SQL status: DROP VIEW in 0.039 seconds
[0m09:14:19.460367 [debug] [Thread-1 (]: On model.supabase_project.int_customer_orders: Close
[0m09:14:19.461367 [debug] [Thread-1 (]: Sending event: {'category': 'dbt', 'action': 'run_model', 'label': '10e85a03-8e7c-4b60-aede-19c849e09a32', 'context': [<snowplow_tracker.self_describing_json.SelfDescribingJson object at 0x0000019CD8E2A250>]}
[0m09:14:19.462367 [info ] [Thread-1 (]: 2 of 3 OK created sql view model public.int_customer_orders .................... [[32mCREATE VIEW[0m in 0.51s]
[0m09:14:19.472369 [debug] [Thread-1 (]: Finished running node model.supabase_project.int_customer_orders
[0m09:14:19.473366 [debug] [Thread-1 (]: Began running node model.supabase_project.fct_customer_features
[0m09:14:19.474372 [info ] [Thread-1 (]: 3 of 3 START sql view model public.fct_customer_features ....................... [RUN]
[0m09:14:19.475368 [debug] [Thread-1 (]: Re-using an available connection from the pool (formerly model.supabase_project.int_customer_orders, now model.supabase_project.fct_customer_features)
[0m09:14:19.475368 [debug] [Thread-1 (]: Began compiling node model.supabase_project.fct_customer_features
[0m09:14:19.480367 [debug] [Thread-1 (]: Writing injected SQL for node "model.supabase_project.fct_customer_features"
[0m09:14:19.482368 [debug] [Thread-1 (]: Began executing node model.supabase_project.fct_customer_features
[0m09:14:19.489366 [debug] [Thread-1 (]: Writing runtime sql for node "model.supabase_project.fct_customer_features"
[0m09:14:19.494366 [debug] [Thread-1 (]: Using postgres connection "model.supabase_project.fct_customer_features"
[0m09:14:19.495367 [debug] [Thread-1 (]: On model.supabase_project.fct_customer_features: BEGIN
[0m09:14:19.496369 [debug] [Thread-1 (]: Opening a new connection, currently in state closed
[0m09:14:19.833229 [debug] [Thread-1 (]: SQL status: BEGIN in 0.337 seconds
[0m09:14:19.835246 [debug] [Thread-1 (]: Using postgres connection "model.supabase_project.fct_customer_features"
[0m09:14:19.836346 [debug] [Thread-1 (]: On model.supabase_project.fct_customer_features: /* {"app": "dbt", "dbt_version": "1.10.15", "profile_name": "supabase_project", "target_name": "dev", "node_id": "model.supabase_project.fct_customer_features"} */

  create view "postgres"."public"."fct_customer_features__dbt_tmp"
    
    
  as (
    with customer_orders as (

    select
        customer_id,
        total_orders,
        total_spend,
        avg_order_value,
        last_order_timestamp
    from "postgres"."public"."int_customer_orders"

),

features as (

    select
        customer_id,

        -- Frequency
        total_orders,

        -- Monetary
        total_spend,
        avg_order_value,

        -- Recency (relative to dataset end)
        date_part(
            'day',
            max(last_order_timestamp) over () - last_order_timestamp
        ) as recency_days,

        -- Target label
        case
            when date_part(
                'day',
                max(last_order_timestamp) over () - last_order_timestamp
            ) <= 30 then 1
            else 0
        end as converted

    from customer_orders

)

select * from features
  );
[0m09:14:19.880689 [debug] [Thread-1 (]: SQL status: CREATE VIEW in 0.043 seconds
[0m09:14:19.885968 [debug] [Thread-1 (]: Using postgres connection "model.supabase_project.fct_customer_features"
[0m09:14:19.886967 [debug] [Thread-1 (]: On model.supabase_project.fct_customer_features: /* {"app": "dbt", "dbt_version": "1.10.15", "profile_name": "supabase_project", "target_name": "dev", "node_id": "model.supabase_project.fct_customer_features"} */
alter table "postgres"."public"."fct_customer_features__dbt_tmp" rename to "fct_customer_features"
[0m09:14:19.922419 [debug] [Thread-1 (]: SQL status: ALTER TABLE in 0.034 seconds
[0m09:14:19.925313 [debug] [Thread-1 (]: On model.supabase_project.fct_customer_features: COMMIT
[0m09:14:19.927311 [debug] [Thread-1 (]: Using postgres connection "model.supabase_project.fct_customer_features"
[0m09:14:19.928335 [debug] [Thread-1 (]: On model.supabase_project.fct_customer_features: COMMIT
[0m09:14:19.962783 [debug] [Thread-1 (]: SQL status: COMMIT in 0.033 seconds
[0m09:14:19.968772 [debug] [Thread-1 (]: Applying DROP to: "postgres"."public"."fct_customer_features__dbt_backup"
[0m09:14:19.970778 [debug] [Thread-1 (]: Using postgres connection "model.supabase_project.fct_customer_features"
[0m09:14:19.971776 [debug] [Thread-1 (]: On model.supabase_project.fct_customer_features: /* {"app": "dbt", "dbt_version": "1.10.15", "profile_name": "supabase_project", "target_name": "dev", "node_id": "model.supabase_project.fct_customer_features"} */
drop view if exists "postgres"."public"."fct_customer_features__dbt_backup" cascade
[0m09:14:20.007841 [debug] [Thread-1 (]: SQL status: DROP VIEW in 0.035 seconds
[0m09:14:20.012842 [debug] [Thread-1 (]: On model.supabase_project.fct_customer_features: Close
[0m09:14:20.015845 [debug] [Thread-1 (]: Sending event: {'category': 'dbt', 'action': 'run_model', 'label': '10e85a03-8e7c-4b60-aede-19c849e09a32', 'context': [<snowplow_tracker.self_describing_json.SelfDescribingJson object at 0x0000019CD964B590>]}
[0m09:14:20.016934 [info ] [Thread-1 (]: 3 of 3 OK created sql view model public.fct_customer_features .................. [[32mCREATE VIEW[0m in 0.54s]
[0m09:14:20.018841 [debug] [Thread-1 (]: Finished running node model.supabase_project.fct_customer_features
[0m09:14:20.021423 [debug] [MainThread]: Using postgres connection "master"
[0m09:14:20.022518 [debug] [MainThread]: On master: BEGIN
[0m09:14:20.023990 [debug] [MainThread]: Opening a new connection, currently in state closed
[0m09:14:20.369191 [debug] [MainThread]: SQL status: BEGIN in 0.345 seconds
[0m09:14:20.372188 [debug] [MainThread]: On master: COMMIT
[0m09:14:20.374184 [debug] [MainThread]: Using postgres connection "master"
[0m09:14:20.377187 [debug] [MainThread]: On master: COMMIT
[0m09:14:20.414277 [debug] [MainThread]: SQL status: COMMIT in 0.035 seconds
[0m09:14:20.416271 [debug] [MainThread]: On master: Close
[0m09:14:20.421280 [debug] [MainThread]: Connection 'master' was properly closed.
[0m09:14:20.423269 [debug] [MainThread]: Connection 'list_postgres' was properly closed.
[0m09:14:20.426273 [debug] [MainThread]: Connection 'list_postgres_public' was properly closed.
[0m09:14:20.429273 [debug] [MainThread]: Connection 'model.supabase_project.fct_customer_features' was properly closed.
[0m09:14:20.433285 [info ] [MainThread]: 
[0m09:14:20.436278 [info ] [MainThread]: Finished running 3 view models in 0 hours 0 minutes and 4.06 seconds (4.06s).
[0m09:14:20.440269 [debug] [MainThread]: Command end result
[0m09:14:20.479347 [debug] [MainThread]: Wrote artifact WritableManifest to C:\Users\ritul\OneDrive\Desktop\Projects\customer-conversion-dbt-ml\target\manifest.json
[0m09:14:20.483355 [debug] [MainThread]: Wrote artifact SemanticManifest to C:\Users\ritul\OneDrive\Desktop\Projects\customer-conversion-dbt-ml\target\semantic_manifest.json
[0m09:14:20.493260 [debug] [MainThread]: Wrote artifact RunExecutionResult to C:\Users\ritul\OneDrive\Desktop\Projects\customer-conversion-dbt-ml\target\run_results.json
[0m09:14:20.494260 [info ] [MainThread]: 
[0m09:14:20.495262 [info ] [MainThread]: [32mCompleted successfully[0m
[0m09:14:20.496306 [info ] [MainThread]: 
[0m09:14:20.498262 [info ] [MainThread]: Done. PASS=3 WARN=0 ERROR=0 SKIP=0 NO-OP=0 TOTAL=3
[0m09:14:20.500261 [debug] [MainThread]: Command `dbt run` succeeded at 09:14:20.500261 after 6.46 seconds
[0m09:14:20.501259 [debug] [MainThread]: Sending event: {'category': 'dbt', 'action': 'invocation', 'label': 'end', 'context': [<snowplow_tracker.self_describing_json.SelfDescribingJson object at 0x0000019CD7860FD0>, <snowplow_tracker.self_describing_json.SelfDescribingJson object at 0x0000019CD7860710>, <snowplow_tracker.self_describing_json.SelfDescribingJson object at 0x0000019CD7860910>]}
[0m09:14:20.502266 [debug] [MainThread]: Flushing usage events
[0m09:14:21.777661 [debug] [MainThread]: An error was encountered while trying to flush usage events
[0m09:17:26.395615 [debug] [MainThread]: Sending event: {'category': 'dbt', 'action': 'invocation', 'label': 'start', 'context': [<snowplow_tracker.self_describing_json.SelfDescribingJson object at 0x00000264C4C77550>, <snowplow_tracker.self_describing_json.SelfDescribingJson object at 0x00000264C4C772D0>, <snowplow_tracker.self_describing_json.SelfDescribingJson object at 0x00000264C4C76D50>]}


============================== 09:17:26.475618 | f623b3da-169c-4ee4-a079-3d9c96fcac33 ==============================
[0m09:17:26.475618 [info ] [MainThread]: Running with dbt=1.10.15
[0m09:17:26.484617 [debug] [MainThread]: running dbt with arguments {'static_parser': 'True', 'no_print': 'None', 'version_check': 'True', 'warn_error_options': 'WarnErrorOptionsV2(error=[], warn=[], silence=[])', 'target_path': 'None', 'printer_width': '80', 'write_json': 'True', 'empty': 'False', 'log_cache_events': 'False', 'introspect': 'True', 'cache_selected_only': 'False', 'log_format': 'default', 'debug': 'False', 'fail_fast': 'False', 'profiles_dir': 'C:\\Users\\ritul\\.dbt', 'send_anonymous_usage_stats': 'True', 'quiet': 'False', 'warn_error': 'None', 'partial_parse': 'True', 'use_colors': 'True', 'indirect_selection': 'eager', 'invocation_command': 'dbt run', 'use_experimental_parser': 'False', 'log_path': 'C:\\Users\\ritul\\OneDrive\\Desktop\\Projects\\customer-conversion-dbt-ml\\logs'}
[0m09:17:28.082812 [debug] [MainThread]: Sending event: {'category': 'dbt', 'action': 'project_id', 'label': 'f623b3da-169c-4ee4-a079-3d9c96fcac33', 'context': [<snowplow_tracker.self_describing_json.SelfDescribingJson object at 0x00000264C5CCDB50>]}
[0m09:17:28.498932 [debug] [MainThread]: Sending event: {'category': 'dbt', 'action': 'adapter_info', 'label': 'f623b3da-169c-4ee4-a079-3d9c96fcac33', 'context': [<snowplow_tracker.self_describing_json.SelfDescribingJson object at 0x00000264C160AAD0>]}
[0m09:17:28.517813 [info ] [MainThread]: Registered adapter: postgres=1.9.1
[0m09:17:31.649937 [debug] [MainThread]: checksum: 14a228079bd6df63ba81633f9a3cf44ecfaa31056ac397c602753ec895dbf885, vars: {}, profile: , target: , version: 1.10.15
[0m09:17:32.362937 [info ] [MainThread]: Unable to do partial parsing because a project config has changed
[0m09:17:32.376933 [debug] [MainThread]: Sending event: {'category': 'dbt', 'action': 'partial_parser', 'label': 'f623b3da-169c-4ee4-a079-3d9c96fcac33', 'context': [<snowplow_tracker.self_describing_json.SelfDescribingJson object at 0x00000264C3C62A10>]}
[0m09:17:40.354243 [debug] [MainThread]: Sending event: {'category': 'dbt', 'action': 'load_project', 'label': 'f623b3da-169c-4ee4-a079-3d9c96fcac33', 'context': [<snowplow_tracker.self_describing_json.SelfDescribingJson object at 0x00000264C5ECE490>]}
[0m09:17:40.430255 [debug] [MainThread]: Wrote artifact WritableManifest to C:\Users\ritul\OneDrive\Desktop\Projects\customer-conversion-dbt-ml\target\manifest.json
[0m09:17:40.434327 [debug] [MainThread]: Wrote artifact SemanticManifest to C:\Users\ritul\OneDrive\Desktop\Projects\customer-conversion-dbt-ml\target\semantic_manifest.json
[0m09:17:40.480783 [debug] [MainThread]: Sending event: {'category': 'dbt', 'action': 'resource_counts', 'label': 'f623b3da-169c-4ee4-a079-3d9c96fcac33', 'context': [<snowplow_tracker.self_describing_json.SelfDescribingJson object at 0x00000264C642AA90>]}
[0m09:17:40.481840 [info ] [MainThread]: Found 3 models, 459 macros
[0m09:17:40.482864 [debug] [MainThread]: Sending event: {'category': 'dbt', 'action': 'runnable_timing', 'label': 'f623b3da-169c-4ee4-a079-3d9c96fcac33', 'context': [<snowplow_tracker.self_describing_json.SelfDescribingJson object at 0x00000264C4C6C6D0>]}
[0m09:17:40.485851 [info ] [MainThread]: 
[0m09:17:40.486937 [info ] [MainThread]: Concurrency: 1 threads (target='dev')
[0m09:17:40.487853 [info ] [MainThread]: 
[0m09:17:40.488852 [debug] [MainThread]: Acquiring new postgres connection 'master'
[0m09:17:40.496256 [debug] [ThreadPool]: Acquiring new postgres connection 'list_postgres'
[0m09:17:40.596991 [debug] [ThreadPool]: Using postgres connection "list_postgres"
[0m09:17:40.597991 [debug] [ThreadPool]: On list_postgres: /* {"app": "dbt", "dbt_version": "1.10.15", "profile_name": "supabase_project", "target_name": "dev", "connection_name": "list_postgres"} */

    select distinct nspname from pg_namespace
  
[0m09:17:40.597991 [debug] [ThreadPool]: Opening a new connection, currently in state init
[0m09:17:40.981406 [debug] [ThreadPool]: SQL status: SELECT 82 in 0.383 seconds
[0m09:17:40.990197 [debug] [ThreadPool]: On list_postgres: Close
[0m09:17:41.003374 [debug] [ThreadPool]: Acquiring new postgres connection 'list_postgres_public'
[0m09:17:41.022367 [debug] [ThreadPool]: Using postgres connection "list_postgres_public"
[0m09:17:41.024360 [debug] [ThreadPool]: On list_postgres_public: BEGIN
[0m09:17:41.025360 [debug] [ThreadPool]: Opening a new connection, currently in state init
[0m09:17:41.343249 [debug] [ThreadPool]: SQL status: BEGIN in 0.317 seconds
[0m09:17:41.345240 [debug] [ThreadPool]: Using postgres connection "list_postgres_public"
[0m09:17:41.347255 [debug] [ThreadPool]: On list_postgres_public: /* {"app": "dbt", "dbt_version": "1.10.15", "profile_name": "supabase_project", "target_name": "dev", "connection_name": "list_postgres_public"} */
select
      'postgres' as database,
      tablename as name,
      schemaname as schema,
      'table' as type
    from pg_tables
    where schemaname ilike 'public'
    union all
    select
      'postgres' as database,
      viewname as name,
      schemaname as schema,
      'view' as type
    from pg_views
    where schemaname ilike 'public'
    union all
    select
      'postgres' as database,
      matviewname as name,
      schemaname as schema,
      'materialized_view' as type
    from pg_matviews
    where schemaname ilike 'public'
  
[0m09:17:41.381464 [debug] [ThreadPool]: SQL status: SELECT 7 in 0.033 seconds
[0m09:17:41.391555 [debug] [ThreadPool]: On list_postgres_public: ROLLBACK
[0m09:17:41.424222 [debug] [ThreadPool]: On list_postgres_public: Close
[0m09:17:41.435324 [debug] [MainThread]: Using postgres connection "master"
[0m09:17:41.436278 [debug] [MainThread]: On master: BEGIN
[0m09:17:41.436278 [debug] [MainThread]: Opening a new connection, currently in state init
[0m09:17:41.732293 [debug] [MainThread]: SQL status: BEGIN in 0.295 seconds
[0m09:17:41.734282 [debug] [MainThread]: Using postgres connection "master"
[0m09:17:41.737280 [debug] [MainThread]: On master: /* {"app": "dbt", "dbt_version": "1.10.15", "profile_name": "supabase_project", "target_name": "dev", "connection_name": "master"} */
select distinct
        dependent_namespace.nspname as dependent_schema,
        dependent_class.relname as dependent_name,
        referenced_namespace.nspname as referenced_schema,
        referenced_class.relname as referenced_name

    -- Query for views: views are entries in pg_class with an entry in pg_rewrite, but we avoid
    -- a seq scan on pg_rewrite by leveraging the fact there is an "internal" row in pg_depend for
    -- the view...
    from pg_class as dependent_class
    join pg_namespace as dependent_namespace on dependent_namespace.oid = dependent_class.relnamespace
    join pg_depend as dependent_depend on dependent_depend.refobjid = dependent_class.oid
        and dependent_depend.classid = 'pg_rewrite'::regclass
        and dependent_depend.refclassid = 'pg_class'::regclass
        and dependent_depend.deptype = 'i'

    -- ... and via pg_depend (that has a row per column, hence the need for "distinct" above, and
    -- making sure to exclude the internal row to avoid a view appearing to depend on itself)...
    join pg_depend as joining_depend on joining_depend.objid = dependent_depend.objid
        and joining_depend.classid = 'pg_rewrite'::regclass
        and joining_depend.refclassid = 'pg_class'::regclass
        and joining_depend.refobjid != dependent_depend.refobjid

    -- ... we can find the tables they query from in pg_class, but excluding system tables. Note we
    -- don't need need to exclude _dependent_ system tables, because they only query from other
    -- system tables, and so are automatically excluded by excluding _referenced_ system tables
    join pg_class as referenced_class on referenced_class.oid = joining_depend.refobjid
    join pg_namespace as referenced_namespace on referenced_namespace.oid = referenced_class.relnamespace
        and referenced_namespace.nspname != 'information_schema'
        and referenced_namespace.nspname not like 'pg\_%'

    order by
        dependent_schema, dependent_name, referenced_schema, referenced_name;
[0m09:17:41.771766 [debug] [MainThread]: SQL status: SELECT 5 in 0.032 seconds
[0m09:17:41.777763 [debug] [MainThread]: Sending event: {'category': 'dbt', 'action': 'runnable_timing', 'label': 'f623b3da-169c-4ee4-a079-3d9c96fcac33', 'context': [<snowplow_tracker.self_describing_json.SelfDescribingJson object at 0x00000264C5EB1490>]}
[0m09:17:41.779761 [debug] [MainThread]: On master: ROLLBACK
[0m09:17:41.807511 [debug] [MainThread]: Using postgres connection "master"
[0m09:17:41.808518 [debug] [MainThread]: On master: BEGIN
[0m09:17:41.868554 [debug] [MainThread]: SQL status: BEGIN in 0.059 seconds
[0m09:17:41.870573 [debug] [MainThread]: On master: COMMIT
[0m09:17:41.872578 [debug] [MainThread]: Using postgres connection "master"
[0m09:17:41.873572 [debug] [MainThread]: On master: COMMIT
[0m09:17:41.908589 [debug] [MainThread]: SQL status: COMMIT in 0.034 seconds
[0m09:17:41.910610 [debug] [MainThread]: On master: Close
[0m09:17:41.920865 [debug] [Thread-1 (]: Began running node model.supabase_project.stg_orders
[0m09:17:41.922859 [info ] [Thread-1 (]: 1 of 3 START sql view model public.stg_orders .................................. [RUN]
[0m09:17:41.925880 [debug] [Thread-1 (]: Acquiring new postgres connection 'model.supabase_project.stg_orders'
[0m09:17:41.927050 [debug] [Thread-1 (]: Began compiling node model.supabase_project.stg_orders
[0m09:17:41.935357 [debug] [Thread-1 (]: Writing injected SQL for node "model.supabase_project.stg_orders"
[0m09:17:41.936347 [debug] [Thread-1 (]: Began executing node model.supabase_project.stg_orders
[0m09:17:41.973089 [debug] [Thread-1 (]: Writing runtime sql for node "model.supabase_project.stg_orders"
[0m09:17:41.975018 [debug] [Thread-1 (]: Using postgres connection "model.supabase_project.stg_orders"
[0m09:17:41.975018 [debug] [Thread-1 (]: On model.supabase_project.stg_orders: BEGIN
[0m09:17:41.975018 [debug] [Thread-1 (]: Opening a new connection, currently in state init
[0m09:17:42.273973 [debug] [Thread-1 (]: SQL status: BEGIN in 0.297 seconds
[0m09:17:42.275976 [debug] [Thread-1 (]: Using postgres connection "model.supabase_project.stg_orders"
[0m09:17:42.277975 [debug] [Thread-1 (]: On model.supabase_project.stg_orders: /* {"app": "dbt", "dbt_version": "1.10.15", "profile_name": "supabase_project", "target_name": "dev", "node_id": "model.supabase_project.stg_orders"} */

  create view "postgres"."public"."stg_orders__dbt_tmp"
    
    
  as (
    with source as (

    select
        invoiceno      as order_id,
        stockcode      as product_code,
        description    as product_description,
        quantity,
        unitprice,
        customerid     as customer_id,
        country,
        invoicedate
    from raw_orders

),

cleaned as (

    select
        order_id,
        product_code,
        product_description,
        quantity,
        unitprice::numeric as unit_price,
        customer_id,
        lower(country) as country,
        to_timestamp(invoicedate, 'MM/DD/YY HH24:MI') as order_timestamp
    from source

)

select * from cleaned
  );
[0m09:17:42.314153 [debug] [Thread-1 (]: SQL status: CREATE VIEW in 0.033 seconds
[0m09:17:42.333423 [debug] [Thread-1 (]: Using postgres connection "model.supabase_project.stg_orders"
[0m09:17:42.334423 [debug] [Thread-1 (]: On model.supabase_project.stg_orders: /* {"app": "dbt", "dbt_version": "1.10.15", "profile_name": "supabase_project", "target_name": "dev", "node_id": "model.supabase_project.stg_orders"} */
alter table "postgres"."public"."stg_orders" rename to "stg_orders__dbt_backup"
[0m09:17:42.364755 [debug] [Thread-1 (]: SQL status: ALTER TABLE in 0.029 seconds
[0m09:17:42.386573 [debug] [Thread-1 (]: Using postgres connection "model.supabase_project.stg_orders"
[0m09:17:42.389474 [debug] [Thread-1 (]: On model.supabase_project.stg_orders: /* {"app": "dbt", "dbt_version": "1.10.15", "profile_name": "supabase_project", "target_name": "dev", "node_id": "model.supabase_project.stg_orders"} */
alter table "postgres"."public"."stg_orders__dbt_tmp" rename to "stg_orders"
[0m09:17:42.421040 [debug] [Thread-1 (]: SQL status: ALTER TABLE in 0.029 seconds
[0m09:17:42.454057 [debug] [Thread-1 (]: On model.supabase_project.stg_orders: COMMIT
[0m09:17:42.455018 [debug] [Thread-1 (]: Using postgres connection "model.supabase_project.stg_orders"
[0m09:17:42.455018 [debug] [Thread-1 (]: On model.supabase_project.stg_orders: COMMIT
[0m09:17:42.486226 [debug] [Thread-1 (]: SQL status: COMMIT in 0.031 seconds
[0m09:17:42.501216 [debug] [Thread-1 (]: Applying DROP to: "postgres"."public"."stg_orders__dbt_backup"
[0m09:17:42.511333 [debug] [Thread-1 (]: Using postgres connection "model.supabase_project.stg_orders"
[0m09:17:42.512322 [debug] [Thread-1 (]: On model.supabase_project.stg_orders: /* {"app": "dbt", "dbt_version": "1.10.15", "profile_name": "supabase_project", "target_name": "dev", "node_id": "model.supabase_project.stg_orders"} */
drop view if exists "postgres"."public"."stg_orders__dbt_backup" cascade
[0m09:17:42.546195 [debug] [Thread-1 (]: SQL status: DROP VIEW in 0.032 seconds
[0m09:17:42.559199 [debug] [Thread-1 (]: On model.supabase_project.stg_orders: Close
[0m09:17:42.572101 [debug] [Thread-1 (]: Sending event: {'category': 'dbt', 'action': 'run_model', 'label': 'f623b3da-169c-4ee4-a079-3d9c96fcac33', 'context': [<snowplow_tracker.self_describing_json.SelfDescribingJson object at 0x00000264C62626D0>]}
[0m09:17:42.575185 [info ] [Thread-1 (]: 1 of 3 OK created sql view model public.stg_orders ............................. [[32mCREATE VIEW[0m in 0.64s]
[0m09:17:42.581078 [debug] [Thread-1 (]: Finished running node model.supabase_project.stg_orders
[0m09:17:42.587190 [debug] [Thread-1 (]: Began running node model.supabase_project.int_customer_orders
[0m09:17:42.591081 [info ] [Thread-1 (]: 2 of 3 START sql view model public.int_customer_orders ......................... [RUN]
[0m09:17:42.596091 [debug] [Thread-1 (]: Re-using an available connection from the pool (formerly model.supabase_project.stg_orders, now model.supabase_project.int_customer_orders)
[0m09:17:42.599084 [debug] [Thread-1 (]: Began compiling node model.supabase_project.int_customer_orders
[0m09:17:42.613068 [debug] [Thread-1 (]: Writing injected SQL for node "model.supabase_project.int_customer_orders"
[0m09:17:42.616133 [debug] [Thread-1 (]: Began executing node model.supabase_project.int_customer_orders
[0m09:17:42.624081 [debug] [Thread-1 (]: Writing runtime sql for node "model.supabase_project.int_customer_orders"
[0m09:17:42.628073 [debug] [Thread-1 (]: Using postgres connection "model.supabase_project.int_customer_orders"
[0m09:17:42.629180 [debug] [Thread-1 (]: On model.supabase_project.int_customer_orders: BEGIN
[0m09:17:42.630082 [debug] [Thread-1 (]: Opening a new connection, currently in state closed
[0m09:17:42.943145 [debug] [Thread-1 (]: SQL status: BEGIN in 0.312 seconds
[0m09:17:42.946145 [debug] [Thread-1 (]: Using postgres connection "model.supabase_project.int_customer_orders"
[0m09:17:42.950154 [debug] [Thread-1 (]: On model.supabase_project.int_customer_orders: /* {"app": "dbt", "dbt_version": "1.10.15", "profile_name": "supabase_project", "target_name": "dev", "node_id": "model.supabase_project.int_customer_orders"} */

  create view "postgres"."public"."int_customer_orders__dbt_tmp"
    
    
  as (
    select
    customer_id,
    count(distinct order_id) as total_orders,
    sum(quantity * unit_price) as total_spend,
    avg(quantity * unit_price) as avg_order_value,
    max(order_timestamp) as last_order_timestamp
from "postgres"."public"."stg_orders"
where customer_id is not null
group by customer_id
  );
[0m09:17:42.986428 [debug] [Thread-1 (]: SQL status: CREATE VIEW in 0.034 seconds
[0m09:17:42.996412 [debug] [Thread-1 (]: Using postgres connection "model.supabase_project.int_customer_orders"
[0m09:17:42.997418 [debug] [Thread-1 (]: On model.supabase_project.int_customer_orders: /* {"app": "dbt", "dbt_version": "1.10.15", "profile_name": "supabase_project", "target_name": "dev", "node_id": "model.supabase_project.int_customer_orders"} */
alter table "postgres"."public"."int_customer_orders__dbt_tmp" rename to "int_customer_orders"
[0m09:17:43.028811 [debug] [Thread-1 (]: SQL status: ALTER TABLE in 0.030 seconds
[0m09:17:43.038285 [debug] [Thread-1 (]: On model.supabase_project.int_customer_orders: COMMIT
[0m09:17:43.040385 [debug] [Thread-1 (]: Using postgres connection "model.supabase_project.int_customer_orders"
[0m09:17:43.043286 [debug] [Thread-1 (]: On model.supabase_project.int_customer_orders: COMMIT
[0m09:17:43.079146 [debug] [Thread-1 (]: SQL status: COMMIT in 0.034 seconds
[0m09:17:43.089460 [debug] [Thread-1 (]: Applying DROP to: "postgres"."public"."int_customer_orders__dbt_backup"
[0m09:17:43.090463 [debug] [Thread-1 (]: Using postgres connection "model.supabase_project.int_customer_orders"
[0m09:17:43.091363 [debug] [Thread-1 (]: On model.supabase_project.int_customer_orders: /* {"app": "dbt", "dbt_version": "1.10.15", "profile_name": "supabase_project", "target_name": "dev", "node_id": "model.supabase_project.int_customer_orders"} */
drop view if exists "postgres"."public"."int_customer_orders__dbt_backup" cascade
[0m09:17:43.129898 [debug] [Thread-1 (]: SQL status: DROP VIEW in 0.037 seconds
[0m09:17:43.134930 [debug] [Thread-1 (]: On model.supabase_project.int_customer_orders: Close
[0m09:17:43.136925 [debug] [Thread-1 (]: Sending event: {'category': 'dbt', 'action': 'run_model', 'label': 'f623b3da-169c-4ee4-a079-3d9c96fcac33', 'context': [<snowplow_tracker.self_describing_json.SelfDescribingJson object at 0x00000264C6899910>]}
[0m09:17:43.138918 [info ] [Thread-1 (]: 2 of 3 OK created sql view model public.int_customer_orders .................... [[32mCREATE VIEW[0m in 0.54s]
[0m09:17:43.140770 [debug] [Thread-1 (]: Finished running node model.supabase_project.int_customer_orders
[0m09:17:43.142763 [debug] [Thread-1 (]: Began running node model.supabase_project.fct_customer_features
[0m09:17:43.143763 [info ] [Thread-1 (]: 3 of 3 START sql view model public.fct_customer_features ....................... [RUN]
[0m09:17:43.144760 [debug] [Thread-1 (]: Re-using an available connection from the pool (formerly model.supabase_project.int_customer_orders, now model.supabase_project.fct_customer_features)
[0m09:17:43.145852 [debug] [Thread-1 (]: Began compiling node model.supabase_project.fct_customer_features
[0m09:17:43.148756 [debug] [Thread-1 (]: Writing injected SQL for node "model.supabase_project.fct_customer_features"
[0m09:17:43.150756 [debug] [Thread-1 (]: Began executing node model.supabase_project.fct_customer_features
[0m09:17:43.155274 [debug] [Thread-1 (]: Writing runtime sql for node "model.supabase_project.fct_customer_features"
[0m09:17:43.157258 [debug] [Thread-1 (]: Using postgres connection "model.supabase_project.fct_customer_features"
[0m09:17:43.157258 [debug] [Thread-1 (]: On model.supabase_project.fct_customer_features: BEGIN
[0m09:17:43.158250 [debug] [Thread-1 (]: Opening a new connection, currently in state closed
[0m09:17:43.500958 [debug] [Thread-1 (]: SQL status: BEGIN in 0.342 seconds
[0m09:17:43.503946 [debug] [Thread-1 (]: Using postgres connection "model.supabase_project.fct_customer_features"
[0m09:17:43.506947 [debug] [Thread-1 (]: On model.supabase_project.fct_customer_features: /* {"app": "dbt", "dbt_version": "1.10.15", "profile_name": "supabase_project", "target_name": "dev", "node_id": "model.supabase_project.fct_customer_features"} */

  create view "postgres"."public"."fct_customer_features__dbt_tmp"
    
    
  as (
    with customer_orders as (

    select
        customer_id,
        total_orders,
        total_spend,
        avg_order_value,
        last_order_timestamp
    from "postgres"."public"."int_customer_orders"

),

features as (

    select
        customer_id,

        -- Frequency
        total_orders,

        -- Monetary
        total_spend,
        avg_order_value,

        -- Recency (relative to dataset end)
        date_part(
            'day',
            max(last_order_timestamp) over () - last_order_timestamp
        ) as recency_days,

        -- Target label
        case
            when date_part(
                'day',
                max(last_order_timestamp) over () - last_order_timestamp
            ) <= 30 then 1
            else 0
        end as converted

    from customer_orders

)

select * from features
  );
[0m09:17:43.550008 [debug] [Thread-1 (]: SQL status: CREATE VIEW in 0.040 seconds
[0m09:17:43.560629 [debug] [Thread-1 (]: Using postgres connection "model.supabase_project.fct_customer_features"
[0m09:17:43.563520 [debug] [Thread-1 (]: On model.supabase_project.fct_customer_features: /* {"app": "dbt", "dbt_version": "1.10.15", "profile_name": "supabase_project", "target_name": "dev", "node_id": "model.supabase_project.fct_customer_features"} */
alter table "postgres"."public"."fct_customer_features__dbt_tmp" rename to "fct_customer_features"
[0m09:17:43.598261 [debug] [Thread-1 (]: SQL status: ALTER TABLE in 0.033 seconds
[0m09:17:43.602380 [debug] [Thread-1 (]: On model.supabase_project.fct_customer_features: COMMIT
[0m09:17:43.603464 [debug] [Thread-1 (]: Using postgres connection "model.supabase_project.fct_customer_features"
[0m09:17:43.604528 [debug] [Thread-1 (]: On model.supabase_project.fct_customer_features: COMMIT
[0m09:17:43.638511 [debug] [Thread-1 (]: SQL status: COMMIT in 0.032 seconds
[0m09:17:43.650605 [debug] [Thread-1 (]: Applying DROP to: "postgres"."public"."fct_customer_features__dbt_backup"
[0m09:17:43.654618 [debug] [Thread-1 (]: Using postgres connection "model.supabase_project.fct_customer_features"
[0m09:17:43.656615 [debug] [Thread-1 (]: On model.supabase_project.fct_customer_features: /* {"app": "dbt", "dbt_version": "1.10.15", "profile_name": "supabase_project", "target_name": "dev", "node_id": "model.supabase_project.fct_customer_features"} */
drop view if exists "postgres"."public"."fct_customer_features__dbt_backup" cascade
[0m09:17:43.692207 [debug] [Thread-1 (]: SQL status: DROP VIEW in 0.034 seconds
[0m09:17:43.699217 [debug] [Thread-1 (]: On model.supabase_project.fct_customer_features: Close
[0m09:17:43.704221 [debug] [Thread-1 (]: Sending event: {'category': 'dbt', 'action': 'run_model', 'label': 'f623b3da-169c-4ee4-a079-3d9c96fcac33', 'context': [<snowplow_tracker.self_describing_json.SelfDescribingJson object at 0x00000264C6C2D4D0>]}
[0m09:17:43.708102 [info ] [Thread-1 (]: 3 of 3 OK created sql view model public.fct_customer_features .................. [[32mCREATE VIEW[0m in 0.56s]
[0m09:17:43.713045 [debug] [Thread-1 (]: Finished running node model.supabase_project.fct_customer_features
[0m09:17:43.718032 [debug] [MainThread]: Using postgres connection "master"
[0m09:17:43.720033 [debug] [MainThread]: On master: BEGIN
[0m09:17:43.722035 [debug] [MainThread]: Opening a new connection, currently in state closed
[0m09:17:43.992703 [debug] [MainThread]: SQL status: BEGIN in 0.270 seconds
[0m09:17:43.995702 [debug] [MainThread]: On master: COMMIT
[0m09:17:43.997713 [debug] [MainThread]: Using postgres connection "master"
[0m09:17:43.999978 [debug] [MainThread]: On master: COMMIT
[0m09:17:44.027106 [debug] [MainThread]: SQL status: COMMIT in 0.026 seconds
[0m09:17:44.030097 [debug] [MainThread]: On master: Close
[0m09:17:44.033091 [debug] [MainThread]: Connection 'master' was properly closed.
[0m09:17:44.035092 [debug] [MainThread]: Connection 'list_postgres' was properly closed.
[0m09:17:44.037094 [debug] [MainThread]: Connection 'list_postgres_public' was properly closed.
[0m09:17:44.039095 [debug] [MainThread]: Connection 'model.supabase_project.fct_customer_features' was properly closed.
[0m09:17:44.040090 [info ] [MainThread]: 
[0m09:17:44.042099 [info ] [MainThread]: Finished running 3 view models in 0 hours 0 minutes and 3.55 seconds (3.55s).
[0m09:17:44.045094 [debug] [MainThread]: Command end result
[0m09:17:44.077195 [debug] [MainThread]: Wrote artifact WritableManifest to C:\Users\ritul\OneDrive\Desktop\Projects\customer-conversion-dbt-ml\target\manifest.json
[0m09:17:44.082558 [debug] [MainThread]: Wrote artifact SemanticManifest to C:\Users\ritul\OneDrive\Desktop\Projects\customer-conversion-dbt-ml\target\semantic_manifest.json
[0m09:17:44.090559 [debug] [MainThread]: Wrote artifact RunExecutionResult to C:\Users\ritul\OneDrive\Desktop\Projects\customer-conversion-dbt-ml\target\run_results.json
[0m09:17:44.091565 [info ] [MainThread]: 
[0m09:17:44.092560 [info ] [MainThread]: [32mCompleted successfully[0m
[0m09:17:44.093561 [info ] [MainThread]: 
[0m09:17:44.094561 [info ] [MainThread]: Done. PASS=3 WARN=0 ERROR=0 SKIP=0 NO-OP=0 TOTAL=3
[0m09:17:44.095561 [debug] [MainThread]: Command `dbt run` succeeded at 09:17:44.095561 after 18.23 seconds
[0m09:17:44.096660 [debug] [MainThread]: Sending event: {'category': 'dbt', 'action': 'invocation', 'label': 'end', 'context': [<snowplow_tracker.self_describing_json.SelfDescribingJson object at 0x00000264C4B8A650>, <snowplow_tracker.self_describing_json.SelfDescribingJson object at 0x00000264BD24D490>, <snowplow_tracker.self_describing_json.SelfDescribingJson object at 0x00000264BD20B550>]}
[0m09:17:44.096660 [debug] [MainThread]: Flushing usage events
[0m09:17:45.352262 [debug] [MainThread]: An error was encountered while trying to flush usage events
